********************************************************************************
DUPLICATOR-LITE PACKAGE-LOG: May 15, 2019 4:14 am
NOTICE: Do NOT post to public sites or forums 
********************************************************************************
VERSION:	1.3.12
WORDPRESS:	5.1.1
PHP INFO:	7.1.10 | SAPI: apache2handler
SERVER:		Apache/2.4.28 (Unix) OpenSSL/1.0.2l PHP/7.1.10 mod_perl/2.0.8-dev Perl/v5.16.3 
PHP TIME LIMIT: (0) no time limit imposed 
PHP MAX MEMORY: 4294967296 (128M default) 
MEMORY STACK: 18MB 

********************************************************************************
DATABASE:
********************************************************************************
BUILD MODE:   PHP(query limit - 100)
MYSQLTIMEOUT: 5000
MYSQLDUMP:    Not Supported 
TABLES: total:13 | filtered:0 | create:13 
FILTERED: [] 
SQL CREATED: 20190515_surfbreak_616ff93af6ab44af7097_20190515041401_database.sql 
SQL FILE SIZE: 599.92KB (614320) 
SQL FILE TIME: 2019-05-15 04:14:37 
SQL RUNTIME: 0.11 sec. 

******************************************************************************** 
ARCHIVE (ZIP): 
******************************************************************************** 
ARCHIVE DIR:  /Applications/XAMPP/xamppfiles/htdocs/sandbox/wordpress-surfbreak 
ARCHIVE FILE: 20190515_surfbreak_616ff93af6ab44af7097_20190515041401_archive.zip 
FILTERS: *OFF* 
DIRS:
	not set 
FILES:
	not set 
EXTS:  not set 
---------------------------------------- 
COMPRESSING 
SIZE:	64.02MB 
STATS:	Dirs 234 | Files 2,048 
SQL ADDED: 20190515_surfbreak_616ff93af6ab44af7097_20190515041401_database.sql 
ZipArchive Object
(
    [status] => 0
    [statusSys] => 0
    [numFiles] => 2282
    [filename] => /Applications/XAMPP/xamppfiles/htdocs/sandbox/wordpress-surfbreak/wp-snapshots/tmp/20190515_surfbreak_616ff93af6ab44af7097_20190515041401_archive.zip
    [comment] => 
)
 
FILE ADDED TO ZIP: 2281 
COMPRESSION RESULT: '1' 
COMPRESSED SIZE: 33.86MB 
ARCHIVE RUNTIME: 4.70 sec. 
MEMORY STACK: 68MB 
building installer 
add_extra_files1 
add_extra_files2 
add_extra_files3 
add_extra_files4 
Doing archive file check 
add_extra_files5 
add_extra_files6 
add_extra_files8 
Successfully opened zip /Applications/XAMPP/xamppfiles/htdocs/sandbox/wordpress-surfbreak/wp-snapshots/tmp/20190515_surfbreak_616ff93af6ab44af7097_20190515041401_archive.zip 
Adding enhanced installer files to archive using ZipArchive 
Installer files added to archive 
Added to archive 
After ziparchive close when adding installer 

******************************************************************************** 
INTEGRITY CHECKS: 
******************************************************************************** 
SQL FILE: 599.92KB 
INSTALLER FILE: 210.89KB 
ARCHIVE FILE: 35.07MB  
EXPECTED FILE/DIRECTORY COUNT: 2,282 
ACTUAL FILE/DIRECTORY COUNT: 2,281 
ARCHIVE CONSISTENCY TEST: Pass 

********************************************************************************
RECORD ID:[1]
TOTAL PROCESS RUNTIME: 6.18 sec.
PEAK PHP MEMORY USED: 70MB
DONE PROCESSING => 20190515_surfbreak May 15, 2019 4:14 am
 
